#
# There is insufficient memory for the Java Runtime Environment to continue.
# Native memory allocation (malloc) failed to allocate 1048576 bytes. Error detail: AllocateHeap
# Possible reasons:
#   The system is out of physical RAM or swap space
#   This process is running with CompressedOops enabled, and the Java Heap may be blocking the growth of the native heap
# Possible solutions:
#   Reduce memory load on the system
#   Increase physical memory or swap space
#   Check if swap backing store is full
#   Decrease Java heap size (-Xmx/-Xms)
#   Decrease number of Java threads
#   Decrease Java thread stack sizes (-Xss)
#   Set larger code cache with -XX:ReservedCodeCacheSize=
#   JVM is running with Unscaled Compressed Oops mode in which the Java heap is
#     placed in the first 4GB address space. The Java Heap base address is the
#     maximum limit for the native heap growth. Please use -XX:HeapBaseMinAddress
#     to set the Java Heap base and to place the Java Heap above 4GB virtual address.
# This output file may be truncated or incomplete.
#
#  Out of Memory Error (allocation.cpp:44), pid=16748, tid=16476
#
# JRE version:  (21.0.8+9) (build )
# Java VM: OpenJDK 64-Bit Server VM (21.0.8+9-LTS, mixed mode, sharing, tiered, compressed oops, compressed class ptrs, parallel gc, windows-amd64)
# No core dump will be written. Minidumps are not enabled by default on client versions of Windows
#

---------------  S U M M A R Y ------------

Command Line: --add-modules=ALL-SYSTEM --add-opens=java.base/java.util=ALL-UNNAMED --add-opens=java.base/java.lang=ALL-UNNAMED --add-opens=java.base/sun.nio.fs=ALL-UNNAMED -Declipse.application=org.eclipse.jdt.ls.core.id1 -Dosgi.bundles.defaultStartLevel=4 -Declipse.product=org.eclipse.jdt.ls.core.product -Djava.import.generatesMetadataFilesAtProjectRoot=false -DDetectVMInstallationsJob.disabled=true -Dfile.encoding=utf8 -XX:+UseParallelGC -XX:GCTimeRatio=4 -XX:AdaptiveSizePolicyWeight=90 -Dsun.zip.disableMemoryMapping=true -Xmx2G -Xms100m -Xlog:disable -javaagent:c:\Users\muoi\.vscode\extensions\redhat.java-1.45.0-win32-x64\lombok\lombok-1.18.39-4050.jar c:\Users\muoi\.vscode\extensions\redhat.java-1.45.0-win32-x64\server\plugins\org.eclipse.equinox.launcher_1.7.0.v20250519-0528.jar -configuration c:\Users\muoi\AppData\Roaming\Code\User\globalStorage\redhat.java\1.45.0\config_ss_win -data c:\Users\muoi\AppData\Roaming\Code\User\workspaceStorage\9540ec5fe9515c623f1a2683ba9d6449\redhat.java\ss_ws --pipe=\\.\pipe\lsp-3c74d69bbdfd03a16c9c65e9bbaf88aa-sock

Host: Intel(R) Core(TM) i5-8250U CPU @ 1.60GHz, 8 cores, 15G,  Windows 11 , 64 bit Build 26100 (10.0.26100.5074)
Time: Thu Sep 18 21:13:12 2025 SE Asia Standard Time elapsed time: 0.455696 seconds (0d 0h 0m 0s)

---------------  T H R E A D  ---------------

Current thread (0x000001a2caed4120):  JavaThread "Unknown thread" [_thread_in_vm, id=16476, stack(0x0000004162b00000,0x0000004162c00000) (1024K)]

Stack: [0x0000004162b00000,0x0000004162c00000]
Native frames: (J=compiled Java code, j=interpreted, Vv=VM code, C=native code)
V  [jvm.dll+0x6d2449]
V  [jvm.dll+0x8ae341]
V  [jvm.dll+0x8b08be]
V  [jvm.dll+0x8b0fa3]
V  [jvm.dll+0x280c96]
V  [jvm.dll+0xc0347]
V  [jvm.dll+0x706372]
V  [jvm.dll+0x7070ac]
V  [jvm.dll+0x6e0f43]
V  [jvm.dll+0x877c7c]
V  [jvm.dll+0x3becec]
V  [jvm.dll+0x8606d8]
V  [jvm.dll+0x4530ee]
V  [jvm.dll+0x454d31]
C  [jli.dll+0x5278]
C  [ucrtbase.dll+0x37b0]
C  [KERNEL32.DLL+0x2e8d7]
C  [ntdll.dll+0x8d9c]


---------------  P R O C E S S  ---------------

Threads class SMR info:
_java_thread_list=0x000001a2caeff6d0, length=1, elements={
0x000001a2caed4120
}

Java Threads: ( => current thread )
=>0x000001a2caed4120 JavaThread "Unknown thread"             [_thread_in_vm, id=16476, stack(0x0000004162b00000,0x0000004162c00000) (1024K)]
Total: 1

Other Threads:
  0x000001a2cad5ca00 WatcherThread "VM Periodic Task Thread"        [id=20572, stack(0x0000004162d00000,0x0000004162e00000) (1024K)]
  0x000001a2caef2ab0 WorkerThread "GC Thread#0"                     [id=7020, stack(0x0000004162c00000,0x0000004162d00000) (1024K)]
Total: 2

Threads with active compile tasks:
Total: 0

VM state: not at safepoint (normal execution)

VM Mutex/Monitor currently owned by a thread: None

Heap address: 0x0000000080000000, size: 2048 MB, Compressed Oops mode: 32-bit

CDS archive(s) mapped at: [0x000001a280000000-0x000001a280ba0000-0x000001a280ba0000), size 12189696, SharedBaseAddress: 0x000001a280000000, ArchiveRelocationMode: 1.
Compressed class space mapped at: 0x000001a281000000-0x000001a2c1000000, reserved size: 1073741824
Narrow klass base: 0x000001a280000000, Narrow klass shift: 0, Narrow klass range: 0x100000000

GC Precious Log:
 CardTable entry size: 512
 CPUs: 8 total, 8 available
 Memory: 16243M
 Large Page Support: Disabled
 NUMA Support: Disabled
 Compressed Oops: Enabled (32-bit)
 Alignments: Space 512K, Generation 512K, Heap 2M
 Heap Min Capacity: 100M
 Heap Initial Capacity: 100M
 Heap Max Capacity: 2G
 Pre-touch: Disabled
 Parallel Workers: 8

Heap:
 PSYoungGen      total 29696K, used 512K [0x00000000d5580000, 0x00000000d7680000, 0x0000000100000000)
  eden space 25600K, 2% used [0x00000000d5580000,0x00000000d5600020,0x00000000d6e80000)
  from space 4096K, 0% used [0x00000000d7280000,0x00000000d7280000,0x00000000d7680000)
  to   space 4096K, 0% used [0x00000000d6e80000,0x00000000d6e80000,0x00000000d7280000)
 ParOldGen       total 68608K, used 0K [0x0000000080000000, 0x0000000084300000, 0x00000000d5580000)
  object space 68608K, 0% used [0x0000000080000000,0x0000000080000000,0x0000000084300000)
 Metaspace       used 0K, committed 0K, reserved 1048576K
  class space    used 0K, committed 0K, reserved 1048576K

Card table byte_map: [0x000001a2ca870000,0x000001a2cac80000] _byte_map_base: 0x000001a2ca470000

Marking Bits: (ParMarkBitMap*) 0x00007ff86071a340
 Begin Bits: [0x000001a2dd370000, 0x000001a2df370000)
 End Bits:   [0x000001a2df370000, 0x000001a2e1370000)

Polling page: 0x000001a2c8d30000

Metaspace:

Usage:
  Non-class:      0 bytes used.
      Class:      0 bytes used.
       Both:      0 bytes used.

Virtual space:
  Non-class space:        0 bytes reserved,       0 bytes (  ?%) committed,  0 nodes.
      Class space:        1.00 GB reserved,       0 bytes (  0%) committed,  1 nodes.
             Both:        1.00 GB reserved,       0 bytes (  0%) committed. 

Chunk freelists:
   Non-Class:  0 bytes
       Class:  16.00 MB
        Both:  16.00 MB

MaxMetaspaceSize: unlimited
CompressedClassSpaceSize: 1.00 GB
Initial GC threshold: 21.00 MB
Current GC threshold: 17179869184.00 GB
CDS: on
 - commit_granule_bytes: 65536.
 - commit_granule_words: 8192.
 - virtual_space_node_default_size: 8388608.
 - enlarge_chunks_in_place: 1.
 - use_allocation_guard: 0.


Internal statistics:

num_allocs_failed_limit: 0.
num_arena_births: 0.
num_arena_deaths: 0.
num_vsnodes_births: 1.
num_vsnodes_deaths: 0.
num_space_committed: 0.
num_space_uncommitted: 0.
num_chunks_returned_to_freelist: 0.
num_chunks_taken_from_freelist: 1.
num_chunk_merges: 0.
num_chunk_splits: 1.
num_chunks_enlarged: 0.
num_inconsistent_stats: 0.

CodeHeap 'non-profiled nmethods': size=120000Kb used=0Kb max_used=0Kb free=120000Kb
 bounds [0x000001a2d5b90000, 0x000001a2d5e00000, 0x000001a2dd0c0000]
CodeHeap 'profiled nmethods': size=120000Kb used=0Kb max_used=0Kb free=120000Kb
 bounds [0x000001a2ce0c0000, 0x000001a2ce330000, 0x000001a2d55f0000]
CodeHeap 'non-nmethods': size=5760Kb used=194Kb max_used=342Kb free=5565Kb
 bounds [0x000001a2d55f0000, 0x000001a2d5860000, 0x000001a2d5b90000]
CodeCache: size=245760Kb, used=194Kb, max_used=342Kb, free=245565Kb
 total_blobs=70, nmethods=0, adapters=48, full_count=0
Compilation: enabled, stopped_count=0, restarted_count=0

Compilation events (0 events):
No events

GC Heap History (0 events):
No events

Dll operation events (1 events):
Event: 0.017 Loaded shared library c:\Users\muoi\.vscode\extensions\redhat.java-1.45.0-win32-x64\jre\21.0.8-win32-x86_64\bin\java.dll

Deoptimization events (0 events):
No events

Classes loaded (0 events):
No events

Classes unloaded (0 events):
No events

Classes redefined (0 events):
No events

Internal exceptions (0 events):
No events

ZGC Phase Switch (0 events):
No events

VM Operations (0 events):
No events

Memory protections (0 events):
No events

Nmethod flushes (0 events):
No events

Events (1 events):
Event: 0.036 Thread 0x000001a2caed4120 Thread added: 0x000001a2caed4120


Dynamic libraries:
0x00007ff6fcf30000 - 0x00007ff6fcf3e000 	c:\Users\muoi\.vscode\extensions\redhat.java-1.45.0-win32-x64\jre\21.0.8-win32-x86_64\bin\java.exe
0x00007ff8e79a0000 - 0x00007ff8e7c09000 	C:\WINDOWS\SYSTEM32\ntdll.dll
0x00007ff8e7080000 - 0x00007ff8e7149000 	C:\WINDOWS\System32\KERNEL32.DLL
0x00007ff8e5240000 - 0x00007ff8e5633000 	C:\WINDOWS\System32\KERNELBASE.dll
0x00007ff8e4e10000 - 0x00007ff8e4f5b000 	C:\WINDOWS\System32\ucrtbase.dll
0x00007ff8ce8b0000 - 0x00007ff8ce8c8000 	c:\Users\muoi\.vscode\extensions\redhat.java-1.45.0-win32-x64\jre\21.0.8-win32-x86_64\bin\jli.dll
0x00007ff8e7240000 - 0x00007ff8e7404000 	C:\WINDOWS\System32\USER32.dll
0x00007ff8e4de0000 - 0x00007ff8e4e07000 	C:\WINDOWS\System32\win32u.dll
0x00007ff8e7170000 - 0x00007ff8e719b000 	C:\WINDOWS\System32\GDI32.dll
0x00007ff8e5640000 - 0x00007ff8e576d000 	C:\WINDOWS\System32\gdi32full.dll
0x00007ff8cd620000 - 0x00007ff8cd63e000 	c:\Users\muoi\.vscode\extensions\redhat.java-1.45.0-win32-x64\jre\21.0.8-win32-x86_64\bin\VCRUNTIME140.dll
0x00007ff8e4f60000 - 0x00007ff8e5003000 	C:\WINDOWS\System32\msvcp_win.dll
0x00007ff8d26c0000 - 0x00007ff8d2953000 	C:\WINDOWS\WinSxS\amd64_microsoft.windows.common-controls_6595b64144ccf1df_6.0.26100.5074_none_3e0d6f78e32fd63f\COMCTL32.dll
0x00007ff8e5df0000 - 0x00007ff8e5e99000 	C:\WINDOWS\System32\msvcrt.dll
0x00007ff8e71a0000 - 0x00007ff8e71cf000 	C:\WINDOWS\System32\IMM32.DLL
0x00007ff8dd170000 - 0x00007ff8dd17c000 	c:\Users\muoi\.vscode\extensions\redhat.java-1.45.0-win32-x64\jre\21.0.8-win32-x86_64\bin\vcruntime140_1.dll
0x00007ff8b27a0000 - 0x00007ff8b282d000 	c:\Users\muoi\.vscode\extensions\redhat.java-1.45.0-win32-x64\jre\21.0.8-win32-x86_64\bin\msvcp140.dll
0x00007ff85fa60000 - 0x00007ff8607f7000 	c:\Users\muoi\.vscode\extensions\redhat.java-1.45.0-win32-x64\jre\21.0.8-win32-x86_64\bin\server\jvm.dll
0x00007ff8e76b0000 - 0x00007ff8e7764000 	C:\WINDOWS\System32\ADVAPI32.dll
0x00007ff8e6090000 - 0x00007ff8e6136000 	C:\WINDOWS\System32\sechost.dll
0x00007ff8e7560000 - 0x00007ff8e7678000 	C:\WINDOWS\System32\RPCRT4.dll
0x00007ff8e78e0000 - 0x00007ff8e7954000 	C:\WINDOWS\System32\WS2_32.dll
0x00007ff8e4990000 - 0x00007ff8e49ee000 	C:\WINDOWS\SYSTEM32\POWRPROF.dll
0x00007ff8d2420000 - 0x00007ff8d2455000 	C:\WINDOWS\SYSTEM32\WINMM.dll
0x00007ff8d6440000 - 0x00007ff8d644b000 	C:\WINDOWS\SYSTEM32\VERSION.dll
0x00007ff8e4970000 - 0x00007ff8e4984000 	C:\WINDOWS\SYSTEM32\UMPDC.dll
0x00007ff8e38d0000 - 0x00007ff8e38eb000 	C:\WINDOWS\SYSTEM32\kernel.appcore.dll
0x00007ff8d05e0000 - 0x00007ff8d05ea000 	c:\Users\muoi\.vscode\extensions\redhat.java-1.45.0-win32-x64\jre\21.0.8-win32-x86_64\bin\jimage.dll
0x00007ff8ddc80000 - 0x00007ff8ddec2000 	C:\WINDOWS\SYSTEM32\DBGHELP.DLL
0x00007ff8e6300000 - 0x00007ff8e667b000 	C:\WINDOWS\System32\combase.dll
0x00007ff8e5d10000 - 0x00007ff8e5de7000 	C:\WINDOWS\System32\OLEAUT32.dll
0x00007ff8d0bc0000 - 0x00007ff8d0bfd000 	C:\WINDOWS\SYSTEM32\dbgcore.DLL
0x00007ff8e4cb0000 - 0x00007ff8e4d49000 	C:\WINDOWS\System32\bcryptPrimitives.dll
0x00007ff8cfcd0000 - 0x00007ff8cfcdf000 	c:\Users\muoi\.vscode\extensions\redhat.java-1.45.0-win32-x64\jre\21.0.8-win32-x86_64\bin\instrument.dll
0x00007ff8c8070000 - 0x00007ff8c808f000 	c:\Users\muoi\.vscode\extensions\redhat.java-1.45.0-win32-x64\jre\21.0.8-win32-x86_64\bin\java.dll

JVMTI agents:
c:\Users\muoi\.vscode\extensions\redhat.java-1.45.0-win32-x64\lombok\lombok-1.18.39-4050.jar path:none, loaded, not initialized, instrumentlib options:none

dbghelp: loaded successfully - version: 4.0.5 - missing functions: none
symbol engine: initialized successfully - sym options: 0x614 - pdb path: .;c:\Users\muoi\.vscode\extensions\redhat.java-1.45.0-win32-x64\jre\21.0.8-win32-x86_64\bin;C:\WINDOWS\SYSTEM32;C:\WINDOWS\WinSxS\amd64_microsoft.windows.common-controls_6595b64144ccf1df_6.0.26100.5074_none_3e0d6f78e32fd63f;c:\Users\muoi\.vscode\extensions\redhat.java-1.45.0-win32-x64\jre\21.0.8-win32-x86_64\bin\server

VM Arguments:
jvm_args: --add-modules=ALL-SYSTEM --add-opens=java.base/java.util=ALL-UNNAMED --add-opens=java.base/java.lang=ALL-UNNAMED --add-opens=java.base/sun.nio.fs=ALL-UNNAMED -Declipse.application=org.eclipse.jdt.ls.core.id1 -Dosgi.bundles.defaultStartLevel=4 -Declipse.product=org.eclipse.jdt.ls.core.product -Djava.import.generatesMetadataFilesAtProjectRoot=false -DDetectVMInstallationsJob.disabled=true -Dfile.encoding=utf8 -XX:+UseParallelGC -XX:GCTimeRatio=4 -XX:AdaptiveSizePolicyWeight=90 -Dsun.zip.disableMemoryMapping=true -Xmx2G -Xms100m -Xlog:disable -javaagent:c:\Users\muoi\.vscode\extensions\redhat.java-1.45.0-win32-x64\lombok\lombok-1.18.39-4050.jar 
java_command: c:\Users\muoi\.vscode\extensions\redhat.java-1.45.0-win32-x64\server\plugins\org.eclipse.equinox.launcher_1.7.0.v20250519-0528.jar -configuration c:\Users\muoi\AppData\Roaming\Code\User\globalStorage\redhat.java\1.45.0\config_ss_win -data c:\Users\muoi\AppData\Roaming\Code\User\workspaceStorage\9540ec5fe9515c623f1a2683ba9d6449\redhat.java\ss_ws --pipe=\\.\pipe\lsp-3c74d69bbdfd03a16c9c65e9bbaf88aa-sock
java_class_path (initial): c:\Users\muoi\.vscode\extensions\redhat.java-1.45.0-win32-x64\server\plugins\org.eclipse.equinox.launcher_1.7.0.v20250519-0528.jar
Launcher Type: SUN_STANDARD

[Global flags]
    uintx AdaptiveSizePolicyWeight                 = 90                                        {product} {command line}
     intx CICompilerCount                          = 4                                         {product} {ergonomic}
    uintx GCTimeRatio                              = 4                                         {product} {command line}
   size_t InitialHeapSize                          = 104857600                                 {product} {command line}
   size_t MaxHeapSize                              = 2147483648                                {product} {command line}
   size_t MaxNewSize                               = 715653120                                 {product} {ergonomic}
   size_t MinHeapDeltaBytes                        = 524288                                    {product} {ergonomic}
   size_t MinHeapSize                              = 104857600                                 {product} {command line}
   size_t NewSize                                  = 34603008                                  {product} {ergonomic}
    uintx NonNMethodCodeHeapSize                   = 5839372                                {pd product} {ergonomic}
    uintx NonProfiledCodeHeapSize                  = 122909434                              {pd product} {ergonomic}
   size_t OldSize                                  = 70254592                                  {product} {ergonomic}
    uintx ProfiledCodeHeapSize                     = 122909434                              {pd product} {ergonomic}
    uintx ReservedCodeCacheSize                    = 251658240                              {pd product} {ergonomic}
     bool SegmentedCodeCache                       = true                                      {product} {ergonomic}
   size_t SoftMaxHeapSize                          = 2147483648                             {manageable} {ergonomic}
     bool UseCompressedOops                        = true                           {product lp64_product} {ergonomic}
     bool UseLargePagesIndividualAllocation        = false                                  {pd product} {ergonomic}
     bool UseParallelGC                            = true                                      {product} {command line}

Logging:
Log output configuration:
 #0: stdout all=off uptime,level,tags foldmultilines=false
 #1: stderr all=off uptime,level,tags foldmultilines=false

Environment Variables:
JAVA_HOME=C:\Program Files\Java\jdk-21
PATH=C:\Program Files\Common Files\Oracle\Java\javapath;C:\WINDOWS\system32;C:\WINDOWS;C:\WINDOWS\System32\Wbem;C:\WINDOWS\System32\WindowsPowerShell\v1.0\;C:\WINDOWS\System32\OpenSSH\;c:\Users\muoi\AppData\Local\Programs\cursor\resources\app\bin;C:\Program Files\Git\cmd;C:\Program Files\Java\jdk-21\bin;C:\Users\muoi\AppData\Roaming\nvm;C:\Program Files\nodejs;C:\Users\muoi\Downloads\Auto_Golike_Fram;C:\Program Files\dotnet\;C:\Program Files\Docker\Docker\resources\bin;C:\Users\muoi\Downloads\apache-maven-3.9.11-bin (1)\apache-maven-3.9.11\bin;C:\Users\muoi\Downloads\apache-maven-3.9.11-bin\apache-maven-3.9.11\bin;C:\Users\muoi\AppData\Local\Programs\Python\Python312\Scripts\;C:\Users\muoi\AppData\Local\Programs\Python\Python312\;C:\Users\muoi\AppData\Local\Programs\Python\Launcher\;C:\Users\muoi\AppData\Local\Microsoft\WindowsApps;C:\Users\muoi\AppData\Local\Programs\Microsoft VS Code\bin;C:\Users\muoi\AppData\Local\Programs\cursor\resources\app\bin;C:\Users\muoi\AppData\Roaming\nvm;C:\Program Files\nodejs;C:\platform-tools;C:\Users\muoi\.dotnet\tools
USERNAME=muoi
OS=Windows_NT
PROCESSOR_IDENTIFIER=Intel64 Family 6 Model 142 Stepping 10, GenuineIntel
TMP=C:\Users\muoi\AppData\Local\Temp
TEMP=C:\Users\muoi\AppData\Local\Temp




Periodic native trim disabled

---------------  S Y S T E M  ---------------

OS:
 Windows 11 , 64 bit Build 26100 (10.0.26100.5074)
OS uptime: 0 days 7:52 hours
Hyper-V role detected

CPU: total 8 (initial active 8) (4 cores per cpu, 2 threads per core) family 6 model 142 stepping 10 microcode 0xe0, cx8, cmov, fxsr, ht, mmx, 3dnowpref, sse, sse2, sse3, ssse3, sse4.1, sse4.2, popcnt, lzcnt, tsc, tscinvbit, avx, avx2, aes, erms, clmul, bmi1, bmi2, adx, fma, vzeroupper, clflush, clflushopt, hv, rdtscp, f16c
Processor Information for the first 8 processors :
  Max Mhz: 1801, Current Mhz: 1801, Mhz Limit: 1801

Memory: 4k page, system-wide physical 16243M (4070M free)
TotalPageFile size 16243M (AvailPageFile size 28M)
current process WorkingSet (physical memory assigned to process): 26M, peak: 26M
current process commit charge ("private bytes"): 193M, peak: 193M

vm_info: OpenJDK 64-Bit Server VM (21.0.8+9-LTS) for windows-amd64 JRE (21.0.8+9-LTS), built on 2025-07-15T00:00:00Z by "admin" with MS VC++ 17.7 (VS2022)

END.
